This file contains any messages produced by compilers while
running configure, to aid debugging if configure makes a mistake.

It was created by configure, which was
generated by GNU Autoconf 2.59.  Invocation command line was

  $ ./configure 

## --------- ##
## Platform. ##
## --------- ##

hostname = c83-254-45-105.bredband.comhem.se
uname -m = Power Macintosh
uname -r = 8.11.0
uname -s = Darwin
uname -v = Darwin Kernel Version 8.11.0: Wed Oct 10 18:26:00 PDT 2007; root:xnu-792.24.17~1/RELEASE_PPC

/usr/bin/uname -p = powerpc
/bin/uname -X     = unknown

/bin/arch              = unknown
/usr/bin/arch -k       = unknown
/usr/convex/getsysinfo = unknown
hostinfo               = Mach kernel version:
	 Darwin Kernel Version 8.11.0: Wed Oct 10 18:26:00 PDT 2007; root:xnu-792.24.17~1/RELEASE_PPC
Kernel configured for a single processor only.
1 processor is physically available.
Processor type: ppc7450 (PowerPC 7450)
Processor active: 0
Primary memory available: 1.25 gigabytes
Default processor set: 93 tasks, 341 threads, 1 processors
Load average: 5.32, Mach factor: 0.18
/bin/machine           = unknown
/usr/bin/oslevel       = unknown
/bin/universe          = unknown

PATH: /Users/munehiro/lavoro/Runtime/checkout/trunk/runtime/bin/
PATH: /sw/bin
PATH: /sw/sbin
PATH: /bin
PATH: /sbin
PATH: /usr/bin
PATH: /usr/sbin
PATH: /opt/local/bin
PATH: /usr/local/teTeX/bin/powerpc-apple-darwin-current/
PATH: /usr/X11R6/bin/
PATH: /sw/bin/
PATH: /Users/munehiro/bin
PATH: /usr/X11R6/bin


## ----------- ##
## Core tests. ##
## ----------- ##

configure:1554: checking for a BSD-compatible install
configure:1609: result: /usr/bin/install -c
configure:1620: checking whether build environment is sane
configure:1663: result: yes
configure:1688: WARNING: `missing' script is too old or missing
configure:1696: checking for gawk
configure:1725: result: no
configure:1696: checking for mawk
configure:1725: result: no
configure:1696: checking for nawk
configure:1725: result: no
configure:1696: checking for awk
configure:1712: found /usr/bin/awk
configure:1722: result: awk
configure:1732: checking whether make sets $(MAKE)
configure:1752: result: yes
configure:1949: checking for f90
configure:1978: result: no
configure:1949: checking for ifort
configure:1978: result: no
configure:1949: checking for xlf90
configure:1978: result: no
configure:1949: checking for pgf90
configure:1978: result: no
configure:1949: checking for epcf90
configure:1978: result: no
configure:1949: checking for f95
configure:1978: result: no
configure:1949: checking for fort
configure:1978: result: no
configure:1949: checking for xlf95
configure:1978: result: no
configure:1949: checking for lf95
configure:1978: result: no
configure:1949: checking for g95
configure:1965: found /Users/munehiro/lavoro/Runtime/checkout/trunk/runtime/bin//g95
configure:1975: result: g95
configure:1990: checking for Fortran compiler version
configure:1993: g95 --version </dev/null >&5
GNU Fortran 95 (GCC 4.0.3)
Copyright (C) 2006 Free Software Foundation, Inc.

GNU Fortran comes with NO WARRANTY, to the extent permitted by law.
You may redistribute copies of GNU Fortran
under the terms of the GNU General Public License.
For more information about these matters, see the file named COPYING
configure:1996: $? = 0
configure:1998: g95 -v </dev/null >&5
Using built-in specs.
Target: powerpc-apple-darwin8.10.0
Configured with: ../configure --with-mpfr=/Users/munehiro/lavoro/Runtime/checkout/trunk/runtime --with-gmp=/Users/munehiro/lavoro/Runtime/checkout/trunk/runtime --prefix=/Users/munehiro/lavoro/Runtime/checkout/trunk/runtime --enable-languages=c,c++,objc,f95
Thread model: posix
gcc version 4.0.3
configure:2001: $? = 0
configure:2003: g95 -V </dev/null >&5
g95: '-V' option must have argument
configure:2006: $? = 1
configure:2020: checking for Fortran compiler default output file name
configure:2023: g95    conftest.f  >&5
configure:2026: $? = 0
configure:2072: result: a.out
configure:2077: checking whether the Fortran compiler works
configure:2083: ./a.out
configure:2086: $? = 0
configure:2103: result: yes
configure:2110: checking whether we are cross compiling
configure:2112: result: no
configure:2115: checking for suffix of executables
configure:2117: g95 -o conftest    conftest.f  >&5
configure:2120: $? = 0
configure:2145: result: 
configure:2151: checking for suffix of object files
configure:2162: g95 -c   conftest.f >&5
configure:2165: $? = 0
configure:2187: result: o
configure:2195: checking whether we are using the GNU Fortran compiler
configure:2209: g95 -c   conftest.F >&5
configure:2215: $? = 0
configure:2219: test -z 
			 || test ! -s conftest.err
configure:2222: $? = 0
configure:2225: test -s conftest.o
configure:2228: $? = 0
configure:2241: result: yes
configure:2247: checking whether g95 accepts -g
configure:2259: g95 -c -g  conftest.f >&5
configure:2265: $? = 0
configure:2269: test -z 
			 || test ! -s conftest.err
configure:2272: $? = 0
configure:2275: test -s conftest.o
configure:2278: $? = 0
configure:2290: result: yes
configure:2360: checking for gcc
configure:2376: found /Users/munehiro/lavoro/Runtime/checkout/trunk/runtime/bin//gcc
configure:2386: result: gcc
configure:2630: checking for C compiler version
configure:2633: gcc --version </dev/null >&5
gcc (GCC) 4.0.3
Copyright (C) 2006 Free Software Foundation, Inc.
This is free software; see the source for copying conditions.  There is NO
warranty; not even for MERCHANTABILITY or FITNESS FOR A PARTICULAR PURPOSE.

configure:2636: $? = 0
configure:2638: gcc -v </dev/null >&5
Using built-in specs.
Target: powerpc-apple-darwin8.10.0
Configured with: ../configure --with-mpfr=/Users/munehiro/lavoro/Runtime/checkout/trunk/runtime --with-gmp=/Users/munehiro/lavoro/Runtime/checkout/trunk/runtime --prefix=/Users/munehiro/lavoro/Runtime/checkout/trunk/runtime --enable-languages=c,c++,objc,f95
Thread model: posix
gcc version 4.0.3
configure:2641: $? = 0
configure:2643: gcc -V </dev/null >&5
gcc: '-V' option must have argument
configure:2646: $? = 1
configure:2649: checking whether we are using the GNU C compiler
configure:2673: gcc -c   conftest.c >&5
configure:2679: $? = 0
configure:2683: test -z 
			 || test ! -s conftest.err
configure:2686: $? = 0
configure:2689: test -s conftest.o
configure:2692: $? = 0
configure:2705: result: yes
configure:2711: checking whether gcc accepts -g
configure:2732: gcc -c -g  conftest.c >&5
configure:2738: $? = 0
configure:2742: test -z 
			 || test ! -s conftest.err
configure:2745: $? = 0
configure:2748: test -s conftest.o
configure:2751: $? = 0
configure:2762: result: yes
configure:2779: checking for gcc option to accept ANSI C
configure:2849: gcc  -c -g -O2  conftest.c >&5
configure:2855: $? = 0
configure:2859: test -z 
			 || test ! -s conftest.err
configure:2862: $? = 0
configure:2865: test -s conftest.o
configure:2868: $? = 0
configure:2886: result: none needed
configure:2904: gcc -c -g -O2  conftest.c >&5
conftest.c:2: error: syntax error before 'me'
configure:2910: $? = 1
configure: failed program was:
| #ifndef __cplusplus
|   choke me
| #endif
configure:3062: checking for style of include used by make
configure:3090: result: GNU
configure:3118: checking dependency style of gcc
configure:3180: result: gcc3
configure:3198: checking for a BSD-compatible install
configure:3253: result: /usr/bin/install -c
configure:3342: checking build system type
configure:3360: result: powerpc-apple-darwin8.11.0
configure:3368: checking host system type
configure:3382: result: powerpc-apple-darwin8.11.0
configure:3390: checking for a sed that does not truncate output
configure:3444: result: /usr/bin/sed
configure:3447: checking for egrep
configure:3457: result: grep -E
configure:3473: checking for ld used by gcc
configure:3540: result: /usr/bin/ld
configure:3549: checking if the linker (/usr/bin/ld) is GNU ld
configure:3564: result: no
configure:3569: checking for /usr/bin/ld option to reload object files
configure:3576: result: -r
configure:3585: checking for BSD-compatible nm
configure:3627: result: /usr/bin/nm -p
configure:3631: checking whether ln -s works
configure:3635: result: yes
configure:3642: checking how to recognise dependent libraries
configure:3842: result: pass_all
configure:4056: checking how to run the C preprocessor
configure:4091: gcc -E  conftest.c
configure:4097: $? = 0
configure:4129: gcc -E  conftest.c
conftest.c:9:28: error: ac_nonexistent.h: No such file or directory
configure:4135: $? = 1
configure: failed program was:
| /* confdefs.h.  */
| 
| #define PACKAGE_NAME ""
| #define PACKAGE_TARNAME ""
| #define PACKAGE_VERSION ""
| #define PACKAGE_STRING ""
| #define PACKAGE_BUGREPORT ""
| /* end confdefs.h.  */
| #include <ac_nonexistent.h>
configure:4174: result: gcc -E
configure:4198: gcc -E  conftest.c
configure:4204: $? = 0
configure:4236: gcc -E  conftest.c
conftest.c:9:28: error: ac_nonexistent.h: No such file or directory
configure:4242: $? = 1
configure: failed program was:
| /* confdefs.h.  */
| 
| #define PACKAGE_NAME ""
| #define PACKAGE_TARNAME ""
| #define PACKAGE_VERSION ""
| #define PACKAGE_STRING ""
| #define PACKAGE_BUGREPORT ""
| /* end confdefs.h.  */
| #include <ac_nonexistent.h>
configure:4286: checking for ANSI C header files
configure:4311: gcc -c -g -O2  conftest.c >&5
configure:4317: $? = 0
configure:4321: test -z 
			 || test ! -s conftest.err
configure:4324: $? = 0
configure:4327: test -s conftest.o
configure:4330: $? = 0
configure:4416: gcc -o conftest -g -O2   conftest.c  >&5
conftest.c: In function 'main':
conftest.c:26: warning: incompatible implicit declaration of built-in function 'exit'
configure:4419: $? = 0
configure:4421: ./conftest
configure:4424: $? = 0
configure:4439: result: yes
configure:4463: checking for sys/types.h
configure:4479: gcc -c -g -O2  conftest.c >&5
configure:4485: $? = 0
configure:4489: test -z 
			 || test ! -s conftest.err
configure:4492: $? = 0
configure:4495: test -s conftest.o
configure:4498: $? = 0
configure:4509: result: yes
configure:4463: checking for sys/stat.h
configure:4479: gcc -c -g -O2  conftest.c >&5
configure:4485: $? = 0
configure:4489: test -z 
			 || test ! -s conftest.err
configure:4492: $? = 0
configure:4495: test -s conftest.o
configure:4498: $? = 0
configure:4509: result: yes
configure:4463: checking for stdlib.h
configure:4479: gcc -c -g -O2  conftest.c >&5
configure:4485: $? = 0
configure:4489: test -z 
			 || test ! -s conftest.err
configure:4492: $? = 0
configure:4495: test -s conftest.o
configure:4498: $? = 0
configure:4509: result: yes
configure:4463: checking for string.h
configure:4479: gcc -c -g -O2  conftest.c >&5
configure:4485: $? = 0
configure:4489: test -z 
			 || test ! -s conftest.err
configure:4492: $? = 0
configure:4495: test -s conftest.o
configure:4498: $? = 0
configure:4509: result: yes
configure:4463: checking for memory.h
configure:4479: gcc -c -g -O2  conftest.c >&5
configure:4485: $? = 0
configure:4489: test -z 
			 || test ! -s conftest.err
configure:4492: $? = 0
configure:4495: test -s conftest.o
configure:4498: $? = 0
configure:4509: result: yes
configure:4463: checking for strings.h
configure:4479: gcc -c -g -O2  conftest.c >&5
configure:4485: $? = 0
configure:4489: test -z 
			 || test ! -s conftest.err
configure:4492: $? = 0
configure:4495: test -s conftest.o
configure:4498: $? = 0
configure:4509: result: yes
configure:4463: checking for inttypes.h
configure:4479: gcc -c -g -O2  conftest.c >&5
configure:4485: $? = 0
configure:4489: test -z 
			 || test ! -s conftest.err
configure:4492: $? = 0
configure:4495: test -s conftest.o
configure:4498: $? = 0
configure:4509: result: yes
configure:4463: checking for stdint.h
configure:4479: gcc -c -g -O2  conftest.c >&5
configure:4485: $? = 0
configure:4489: test -z 
			 || test ! -s conftest.err
configure:4492: $? = 0
configure:4495: test -s conftest.o
configure:4498: $? = 0
configure:4509: result: yes
configure:4463: checking for unistd.h
configure:4479: gcc -c -g -O2  conftest.c >&5
configure:4485: $? = 0
configure:4489: test -z 
			 || test ! -s conftest.err
configure:4492: $? = 0
configure:4495: test -s conftest.o
configure:4498: $? = 0
configure:4509: result: yes
configure:4535: checking dlfcn.h usability
configure:4547: gcc -c -g -O2  conftest.c >&5
configure:4553: $? = 0
configure:4557: test -z 
			 || test ! -s conftest.err
configure:4560: $? = 0
configure:4563: test -s conftest.o
configure:4566: $? = 0
configure:4576: result: yes
configure:4580: checking dlfcn.h presence
configure:4590: gcc -E  conftest.c
configure:4596: $? = 0
configure:4616: result: yes
configure:4651: checking for dlfcn.h
configure:4658: result: yes
configure:4723: checking for g++
configure:4739: found /Users/munehiro/lavoro/Runtime/checkout/trunk/runtime/bin//g++
configure:4749: result: g++
configure:4765: checking for C++ compiler version
configure:4768: g++ --version </dev/null >&5
g++ (GCC) 4.0.3
Copyright (C) 2006 Free Software Foundation, Inc.
This is free software; see the source for copying conditions.  There is NO
warranty; not even for MERCHANTABILITY or FITNESS FOR A PARTICULAR PURPOSE.

configure:4771: $? = 0
configure:4773: g++ -v </dev/null >&5
Using built-in specs.
Target: powerpc-apple-darwin8.10.0
Configured with: ../configure --with-mpfr=/Users/munehiro/lavoro/Runtime/checkout/trunk/runtime --with-gmp=/Users/munehiro/lavoro/Runtime/checkout/trunk/runtime --prefix=/Users/munehiro/lavoro/Runtime/checkout/trunk/runtime --enable-languages=c,c++,objc,f95
Thread model: posix
gcc version 4.0.3
configure:4776: $? = 0
configure:4778: g++ -V </dev/null >&5
g++: '-V' option must have argument
configure:4781: $? = 1
configure:4784: checking whether we are using the GNU C++ compiler
configure:4808: g++ -c   conftest.cc >&5
configure:4814: $? = 0
configure:4818: test -z 
			 || test ! -s conftest.err
configure:4821: $? = 0
configure:4824: test -s conftest.o
configure:4827: $? = 0
configure:4840: result: yes
configure:4846: checking whether g++ accepts -g
configure:4867: g++ -c -g  conftest.cc >&5
configure:4873: $? = 0
configure:4877: test -z 
			 || test ! -s conftest.err
configure:4880: $? = 0
configure:4883: test -s conftest.o
configure:4886: $? = 0
configure:4897: result: yes
configure:4939: g++ -c -g -O2  conftest.cc >&5
configure:4945: $? = 0
configure:4949: test -z 
			 || test ! -s conftest.err
configure:4952: $? = 0
configure:4955: test -s conftest.o
configure:4958: $? = 0
configure:4984: g++ -c -g -O2  conftest.cc >&5
conftest.cc: In function 'int main()':
conftest.cc:24: error: 'exit' was not declared in this scope
configure:4990: $? = 1
configure: failed program was:
| /* confdefs.h.  */
| 
| #define PACKAGE_NAME ""
| #define PACKAGE_TARNAME ""
| #define PACKAGE_VERSION ""
| #define PACKAGE_STRING ""
| #define PACKAGE_BUGREPORT ""
| #define STDC_HEADERS 1
| #define HAVE_SYS_TYPES_H 1
| #define HAVE_SYS_STAT_H 1
| #define HAVE_STDLIB_H 1
| #define HAVE_STRING_H 1
| #define HAVE_MEMORY_H 1
| #define HAVE_STRINGS_H 1
| #define HAVE_INTTYPES_H 1
| #define HAVE_STDINT_H 1
| #define HAVE_UNISTD_H 1
| #define HAVE_DLFCN_H 1
| /* end confdefs.h.  */
| 
| int
| main ()
| {
| exit (42);
|   ;
|   return 0;
| }
configure:4939: g++ -c -g -O2  conftest.cc >&5
/usr/include/stdlib.h:158: error: declaration of 'void std::exit(int)' throws different exceptions
conftest.cc:20: error: than previous declaration 'void std::exit(int) throw ()'
configure:4945: $? = 1
configure: failed program was:
| /* confdefs.h.  */
| 
| #define PACKAGE_NAME ""
| #define PACKAGE_TARNAME ""
| #define PACKAGE_VERSION ""
| #define PACKAGE_STRING ""
| #define PACKAGE_BUGREPORT ""
| #define STDC_HEADERS 1
| #define HAVE_SYS_TYPES_H 1
| #define HAVE_SYS_STAT_H 1
| #define HAVE_STDLIB_H 1
| #define HAVE_STRING_H 1
| #define HAVE_MEMORY_H 1
| #define HAVE_STRINGS_H 1
| #define HAVE_INTTYPES_H 1
| #define HAVE_STDINT_H 1
| #define HAVE_UNISTD_H 1
| #define HAVE_DLFCN_H 1
| /* end confdefs.h.  */
| extern "C" void std::exit (int) throw (); using std::exit;
| #include <stdlib.h>
| int
| main ()
| {
| exit (42);
|   ;
|   return 0;
| }
configure:4939: g++ -c -g -O2  conftest.cc >&5
configure:4945: $? = 0
configure:4949: test -z 
			 || test ! -s conftest.err
configure:4952: $? = 0
configure:4955: test -s conftest.o
configure:4958: $? = 0
configure:4984: g++ -c -g -O2  conftest.cc >&5
configure:4990: $? = 0
configure:4994: test -z 
			 || test ! -s conftest.err
configure:4997: $? = 0
configure:5000: test -s conftest.o
configure:5003: $? = 0
configure:5028: checking dependency style of g++
configure:5090: result: gcc3
configure:5100: checking how to run the C++ preprocessor
configure:5131: g++ -E  conftest.cc
configure:5137: $? = 0
configure:5169: g++ -E  conftest.cc
conftest.cc:23:28: error: ac_nonexistent.h: No such file or directory
configure:5175: $? = 1
configure: failed program was:
| /* confdefs.h.  */
| 
| #define PACKAGE_NAME ""
| #define PACKAGE_TARNAME ""
| #define PACKAGE_VERSION ""
| #define PACKAGE_STRING ""
| #define PACKAGE_BUGREPORT ""
| #define STDC_HEADERS 1
| #define HAVE_SYS_TYPES_H 1
| #define HAVE_SYS_STAT_H 1
| #define HAVE_STDLIB_H 1
| #define HAVE_STRING_H 1
| #define HAVE_MEMORY_H 1
| #define HAVE_STRINGS_H 1
| #define HAVE_INTTYPES_H 1
| #define HAVE_STDINT_H 1
| #define HAVE_UNISTD_H 1
| #define HAVE_DLFCN_H 1
| #ifdef __cplusplus
| extern "C" void std::exit (int); using std::exit;
| #endif
| /* end confdefs.h.  */
| #include <ac_nonexistent.h>
configure:5214: result: g++ -E
configure:5238: g++ -E  conftest.cc
configure:5244: $? = 0
configure:5276: g++ -E  conftest.cc
conftest.cc:23:28: error: ac_nonexistent.h: No such file or directory
configure:5282: $? = 1
configure: failed program was:
| /* confdefs.h.  */
| 
| #define PACKAGE_NAME ""
| #define PACKAGE_TARNAME ""
| #define PACKAGE_VERSION ""
| #define PACKAGE_STRING ""
| #define PACKAGE_BUGREPORT ""
| #define STDC_HEADERS 1
| #define HAVE_SYS_TYPES_H 1
| #define HAVE_SYS_STAT_H 1
| #define HAVE_STDLIB_H 1
| #define HAVE_STRING_H 1
| #define HAVE_MEMORY_H 1
| #define HAVE_STRINGS_H 1
| #define HAVE_INTTYPES_H 1
| #define HAVE_STDINT_H 1
| #define HAVE_UNISTD_H 1
| #define HAVE_DLFCN_H 1
| #ifdef __cplusplus
| extern "C" void std::exit (int); using std::exit;
| #endif
| /* end confdefs.h.  */
| #include <ac_nonexistent.h>
configure:5377: checking for g77
configure:5393: found /Users/munehiro/lavoro/Runtime/checkout/trunk/runtime/bin//g77
configure:5403: result: g77
configure:5421: checking for Fortran 77 compiler version
configure:5421: g77 --version </dev/null >&5
GNU Fortran 95 (GCC 4.0.3)
Copyright (C) 2006 Free Software Foundation, Inc.

GNU Fortran comes with NO WARRANTY, to the extent permitted by law.
You may redistribute copies of GNU Fortran
under the terms of the GNU General Public License.
For more information about these matters, see the file named COPYING
configure:5424: $? = 0
configure:5426: g77 -v </dev/null >&5
Using built-in specs.
Target: powerpc-apple-darwin8.10.0
Configured with: ../configure --with-mpfr=/Users/munehiro/lavoro/Runtime/checkout/trunk/runtime --with-gmp=/Users/munehiro/lavoro/Runtime/checkout/trunk/runtime --prefix=/Users/munehiro/lavoro/Runtime/checkout/trunk/runtime --enable-languages=c,c++,objc,f95
Thread model: posix
gcc version 4.0.3
configure:5429: $? = 0
configure:5431: g77 -V </dev/null >&5
g77: '-V' option must have argument
configure:5434: $? = 1
configure:5442: checking whether we are using the GNU Fortran 77 compiler
configure:5456: g77 -c  conftest.F >&5
configure:5462: $? = 0
configure:5466: test -z 
			 || test ! -s conftest.err
configure:5469: $? = 0
configure:5472: test -s conftest.o
configure:5475: $? = 0
configure:5488: result: yes
configure:5494: checking whether g77 accepts -g
configure:5506: g77 -c -g conftest.f >&5
configure:5512: $? = 0
configure:5516: test -z 
			 || test ! -s conftest.err
configure:5519: $? = 0
configure:5522: test -s conftest.o
configure:5525: $? = 0
configure:5537: result: yes
configure:5567: checking the maximum length of command line arguments
configure:5626: result: 65536
configure:5637: checking command to parse /usr/bin/nm -p output from gcc object
configure:5726: gcc -c -g -O2  conftest.c >&5
configure:5729: $? = 0
configure:5733: /usr/bin/nm -p conftest.o \| sed -n -e 's/^.*[ 	]\([BCDEGRST][BCDEGRST]*\)[ 	][ 	]*\(\)\([_A-Za-z][_A-Za-z0-9]*\)$/\1 \2\3 \3/p' \> conftest.nm
configure:5736: $? = 0
cannot find nm_test_var in conftest.nm
configure:5726: gcc -c -g -O2  conftest.c >&5
configure:5729: $? = 0
configure:5733: /usr/bin/nm -p conftest.o \| sed -n -e 's/^.*[ 	]\([BCDEGRST][BCDEGRST]*\)[ 	][ 	]*\(_\)\([_A-Za-z][_A-Za-z0-9]*\)$/\1 \2\3 \3/p' \> conftest.nm
configure:5736: $? = 0
configure:5788: gcc -o conftest -g -O2   conftest.c conftstm.o >&5
configure:5791: $? = 0
configure:5829: result: ok
configure:5833: checking for objdir
configure:5848: result: .libs
configure:5941: checking for ar
configure:5957: found /usr/bin/ar
configure:5968: result: ar
configure:6021: checking for ranlib
configure:6037: found /usr/bin/ranlib
configure:6048: result: ranlib
configure:6101: checking for strip
configure:6117: found /usr/bin/strip
configure:6128: result: strip
configure:6390: checking if gcc static flag  works
configure:6413: result: yes
configure:6430: checking if gcc supports -fno-rtti -fno-exceptions
configure:6451: gcc -c -g -O2  -fno-rtti -fno-exceptions conftest.c >&5
cc1: warning: command line option "-fno-rtti" is valid for C++/ObjC++ but not for C
configure:6455: $? = 0
configure:6463: result: no
configure:6478: checking for gcc option to produce PIC
configure:6655: result: -fno-common
configure:6662: checking if gcc PIC flag -fno-common works
configure:6683: gcc -c -g -O2  -fno-common -DPIC conftest.c >&5
configure:6687: $? = 0
configure:6695: result: yes
configure:6719: checking if gcc supports -c -o file.o
configure:6750: gcc -c -g -O2  -o out/conftest2.o conftest.c >&5
configure:6754: $? = 0
configure:6768: result: yes
configure:6794: checking whether the gcc linker (/usr/bin/ld) supports shared libraries
configure:7622: result: yes
configure:7693: checking how to hardcode library paths into programs
configure:7718: result: immediate
configure:7732: checking whether stripping libraries is possible
configure:7753: result: no
configure:7759: checking dynamic linker characteristics
configure:8270: result: darwin8.11.0 dyld
configure:9082: checking if libtool supports shared libraries
configure:9084: result: yes
configure:9087: checking whether to build shared libraries
configure:9150: result: yes
configure:9153: checking whether to build static libraries
configure:9157: result: yes
configure:9248: creating libtool
configure:9795: checking for ld used by g++
configure:9862: result: /usr/bin/ld
configure:9871: checking if the linker (/usr/bin/ld) is GNU ld
configure:9886: result: no
configure:9937: checking whether the g++ linker (/usr/bin/ld) supports shared libraries
configure:10766: result: yes
configure:10784: g++ -c -g -O2  conftest.cc >&5
configure:10787: $? = 0
configure:10883: checking for g++ option to produce PIC
configure:11135: result: -fno-common
configure:11142: checking if g++ PIC flag -fno-common works
configure:11163: g++ -c -g -O2  -fno-common -DPIC conftest.cc >&5
configure:11167: $? = 0
configure:11175: result: yes
configure:11199: checking if g++ supports -c -o file.o
configure:11230: g++ -c -g -O2  -o out/conftest2.o conftest.cc >&5
configure:11234: $? = 0
configure:11248: result: yes
configure:11274: checking whether the g++ linker (/usr/bin/ld) supports shared libraries
configure:11299: result: yes
configure:11370: checking how to hardcode library paths into programs
configure:11395: result: immediate
configure:11409: checking whether stripping libraries is possible
configure:11430: result: no
configure:11436: checking dynamic linker characteristics
configure:11947: result: darwin8.11.0 dyld
configure:13235: checking if libtool supports shared libraries
configure:13237: result: yes
configure:13240: checking whether to build shared libraries
configure:13258: result: yes
configure:13261: checking whether to build static libraries
configure:13265: result: yes
configure:13277: checking for g77 option to produce PIC
configure:13454: result: -fno-common
configure:13461: checking if g77 PIC flag -fno-common works
configure:13482: g77 -c -g -O2 -fno-common conftest.f >&5
configure:13486: $? = 0
configure:13494: result: yes
configure:13518: checking if g77 supports -c -o file.o
configure:13549: g77 -c -g -O2 -o out/conftest2.o conftest.f >&5
configure:13553: $? = 0
configure:13567: result: yes
configure:13593: checking whether the g77 linker (/usr/bin/ld) supports shared libraries
configure:14401: result: yes
configure:14472: checking how to hardcode library paths into programs
configure:14497: result: immediate
configure:14511: checking whether stripping libraries is possible
configure:14532: result: no
configure:14538: checking dynamic linker characteristics
configure:15049: result: darwin8.11.0 dyld
configure:19092: checking for ANSI C header files
configure:19245: result: yes
configure:19260: checking for unistd.h
configure:19265: result: yes
configure:19419: checking malloc.h usability
configure:19431: gcc -c -g -O2  conftest.c >&5
conftest.c:59:20: error: malloc.h: No such file or directory
configure:19437: $? = 1
configure: failed program was:
| /* confdefs.h.  */
| 
| #define PACKAGE_NAME ""
| #define PACKAGE_TARNAME ""
| #define PACKAGE_VERSION ""
| #define PACKAGE_STRING ""
| #define PACKAGE_BUGREPORT ""
| #define STDC_HEADERS 1
| #define HAVE_SYS_TYPES_H 1
| #define HAVE_SYS_STAT_H 1
| #define HAVE_STDLIB_H 1
| #define HAVE_STRING_H 1
| #define HAVE_MEMORY_H 1
| #define HAVE_STRINGS_H 1
| #define HAVE_INTTYPES_H 1
| #define HAVE_STDINT_H 1
| #define HAVE_UNISTD_H 1
| #define HAVE_DLFCN_H 1
| #ifdef __cplusplus
| extern "C" void std::exit (int); using std::exit;
| #endif
| #define STDC_HEADERS 1
| #define HAVE_UNISTD_H 1
| /* end confdefs.h.  */
| #include <stdio.h>
| #if HAVE_SYS_TYPES_H
| # include <sys/types.h>
| #endif
| #if HAVE_SYS_STAT_H
| # include <sys/stat.h>
| #endif
| #if STDC_HEADERS
| # include <stdlib.h>
| # include <stddef.h>
| #else
| # if HAVE_STDLIB_H
| #  include <stdlib.h>
| # endif
| #endif
| #if HAVE_STRING_H
| # if !STDC_HEADERS && HAVE_MEMORY_H
| #  include <memory.h>
| # endif
| # include <string.h>
| #endif
| #if HAVE_STRINGS_H
| # include <strings.h>
| #endif
| #if HAVE_INTTYPES_H
| # include <inttypes.h>
| #else
| # if HAVE_STDINT_H
| #  include <stdint.h>
| # endif
| #endif
| #if HAVE_UNISTD_H
| # include <unistd.h>
| #endif
| #include <malloc.h>
configure:19460: result: no
configure:19464: checking malloc.h presence
configure:19474: gcc -E  conftest.c
conftest.c:25:20: error: malloc.h: No such file or directory
configure:19480: $? = 1
configure: failed program was:
| /* confdefs.h.  */
| 
| #define PACKAGE_NAME ""
| #define PACKAGE_TARNAME ""
| #define PACKAGE_VERSION ""
| #define PACKAGE_STRING ""
| #define PACKAGE_BUGREPORT ""
| #define STDC_HEADERS 1
| #define HAVE_SYS_TYPES_H 1
| #define HAVE_SYS_STAT_H 1
| #define HAVE_STDLIB_H 1
| #define HAVE_STRING_H 1
| #define HAVE_MEMORY_H 1
| #define HAVE_STRINGS_H 1
| #define HAVE_INTTYPES_H 1
| #define HAVE_STDINT_H 1
| #define HAVE_UNISTD_H 1
| #define HAVE_DLFCN_H 1
| #ifdef __cplusplus
| extern "C" void std::exit (int); using std::exit;
| #endif
| #define STDC_HEADERS 1
| #define HAVE_UNISTD_H 1
| /* end confdefs.h.  */
| #include <malloc.h>
configure:19500: result: no
configure:19535: checking for malloc.h
configure:19542: result: no
configure:19555: checking for an ANSI C-conforming const
configure:19622: gcc -c -g -O2  conftest.c >&5
configure:19628: $? = 0
configure:19632: test -z 
			 || test ! -s conftest.err
configure:19635: $? = 0
configure:19638: test -s conftest.o
configure:19641: $? = 0
configure:19652: result: yes
configure:19666: checking for strdup
configure:19723: gcc -o conftest -g -O2   conftest.c  >&5
conftest.c:49: warning: conflicting types for built-in function 'strdup'
configure:19729: $? = 0
configure:19733: test -z 
			 || test ! -s conftest.err
configure:19736: $? = 0
configure:19739: test -s conftest
configure:19742: $? = 0
configure:19754: result: yes
configure:19768: checking for bzero
configure:19825: gcc -o conftest -g -O2   conftest.c  >&5
conftest.c:50: warning: conflicting types for built-in function 'bzero'
configure:19831: $? = 0
configure:19835: test -z 
			 || test ! -s conftest.err
configure:19838: $? = 0
configure:19841: test -s conftest
configure:19844: $? = 0
configure:19856: result: yes
configure:19870: checking for memchr
configure:19927: gcc -o conftest -g -O2   conftest.c  >&5
configure:19933: $? = 0
configure:19937: test -z 
			 || test ! -s conftest.err
configure:19940: $? = 0
configure:19943: test -s conftest
configure:19946: $? = 0
configure:19958: result: yes
configure:19972: checking for memmove
configure:20029: gcc -o conftest -g -O2   conftest.c  >&5
conftest.c:52: warning: conflicting types for built-in function 'memmove'
configure:20035: $? = 0
configure:20039: test -z 
			 || test ! -s conftest.err
configure:20042: $? = 0
configure:20045: test -s conftest
configure:20048: $? = 0
configure:20060: result: yes
configure:20074: checking for memset
configure:20131: gcc -o conftest -g -O2   conftest.c  >&5
conftest.c:53: warning: conflicting types for built-in function 'memset'
configure:20137: $? = 0
configure:20141: test -z 
			 || test ! -s conftest.err
configure:20144: $? = 0
configure:20147: test -s conftest
configure:20150: $? = 0
configure:20162: result: yes
configure:20177: checking for stdlib.h
configure:20182: result: yes
configure:20322: checking for GNU libc compatible malloc
configure:20351: gcc -o conftest -g -O2   conftest.c  >&5
configure:20354: $? = 0
configure:20356: ./conftest
configure:20359: $? = 0
configure:20373: result: yes

## ---------------- ##
## Cache variables. ##
## ---------------- ##

ac_cv_build=powerpc-apple-darwin8.11.0
ac_cv_build_alias=powerpc-apple-darwin8.11.0
ac_cv_c_compiler_gnu=yes
ac_cv_c_const=yes
ac_cv_cxx_compiler_gnu=yes
ac_cv_env_CC_set=
ac_cv_env_CC_value=
ac_cv_env_CFLAGS_set=
ac_cv_env_CFLAGS_value=
ac_cv_env_CPPFLAGS_set=
ac_cv_env_CPPFLAGS_value=
ac_cv_env_CPP_set=
ac_cv_env_CPP_value=
ac_cv_env_CXXCPP_set=
ac_cv_env_CXXCPP_value=
ac_cv_env_CXXFLAGS_set=
ac_cv_env_CXXFLAGS_value=
ac_cv_env_CXX_set=
ac_cv_env_CXX_value=
ac_cv_env_F77_set=
ac_cv_env_F77_value=
ac_cv_env_FCFLAGS_set=
ac_cv_env_FCFLAGS_value=
ac_cv_env_FC_set=
ac_cv_env_FC_value=
ac_cv_env_FFLAGS_set=
ac_cv_env_FFLAGS_value=
ac_cv_env_LDFLAGS_set=
ac_cv_env_LDFLAGS_value=
ac_cv_env_build_alias_set=
ac_cv_env_build_alias_value=
ac_cv_env_host_alias_set=
ac_cv_env_host_alias_value=
ac_cv_env_target_alias_set=
ac_cv_env_target_alias_value=
ac_cv_exeext=
ac_cv_f77_compiler_gnu=yes
ac_cv_fc_compiler_gnu=yes
ac_cv_func_bzero=yes
ac_cv_func_malloc_0_nonnull=yes
ac_cv_func_memchr=yes
ac_cv_func_memmove=yes
ac_cv_func_memset=yes
ac_cv_func_strdup=yes
ac_cv_header_dlfcn_h=yes
ac_cv_header_inttypes_h=yes
ac_cv_header_malloc_h=no
ac_cv_header_memory_h=yes
ac_cv_header_stdc=yes
ac_cv_header_stdint_h=yes
ac_cv_header_stdlib_h=yes
ac_cv_header_string_h=yes
ac_cv_header_strings_h=yes
ac_cv_header_sys_stat_h=yes
ac_cv_header_sys_types_h=yes
ac_cv_header_unistd_h=yes
ac_cv_host=powerpc-apple-darwin8.11.0
ac_cv_host_alias=powerpc-apple-darwin8.11.0
ac_cv_objext=o
ac_cv_path_install='/usr/bin/install -c'
ac_cv_prog_AWK=awk
ac_cv_prog_CPP='gcc -E'
ac_cv_prog_CXXCPP='g++ -E'
ac_cv_prog_ac_ct_AR=ar
ac_cv_prog_ac_ct_CC=gcc
ac_cv_prog_ac_ct_CXX=g++
ac_cv_prog_ac_ct_F77=g77
ac_cv_prog_ac_ct_FC=g95
ac_cv_prog_ac_ct_RANLIB=ranlib
ac_cv_prog_ac_ct_STRIP=strip
ac_cv_prog_cc_g=yes
ac_cv_prog_cc_stdc=
ac_cv_prog_cxx_g=yes
ac_cv_prog_egrep='grep -E'
ac_cv_prog_f77_g=yes
ac_cv_prog_fc_g=yes
ac_cv_prog_make_make_set=yes
am_cv_CC_dependencies_compiler_type=gcc3
am_cv_CXX_dependencies_compiler_type=gcc3
lt_cv_deplibs_check_method=pass_all
lt_cv_file_magic_cmd='/usr/bin/file -L'
lt_cv_file_magic_test_file=/usr/lib/libSystem.dylib
lt_cv_ld_reload_flag=-r
lt_cv_objdir=.libs
lt_cv_path_LD=/usr/bin/ld
lt_cv_path_LDCXX=/usr/bin/ld
lt_cv_path_NM='/usr/bin/nm -p'
lt_cv_path_SED=/usr/bin/sed
lt_cv_prog_compiler_c_o=yes
lt_cv_prog_compiler_c_o_CXX=yes
lt_cv_prog_compiler_c_o_F77=yes
lt_cv_prog_compiler_rtti_exceptions=no
lt_cv_prog_gnu_ld=no
lt_cv_prog_gnu_ldcxx=no
lt_cv_sys_global_symbol_pipe='sed -n -e '\''s/^.*[ 	]\([BCDEGRST][BCDEGRST]*\)[ 	][ 	]*\(_\)\([_A-Za-z][_A-Za-z0-9]*\)$/\1 \2\3 \3/p'\'''
lt_cv_sys_global_symbol_to_c_name_address='sed -n -e '\''s/^: \([^ ]*\) $/  {\"\1\", (lt_ptr) 0},/p'\'' -e '\''s/^[BCDEGRST] \([^ ]*\) \([^ ]*\)$/  {"\2", (lt_ptr) \&\2},/p'\'''
lt_cv_sys_global_symbol_to_cdecl='sed -n -e '\''s/^. .* \(.*\)$/extern int \1;/p'\'''
lt_cv_sys_max_cmd_len=65536
lt_lt_cv_prog_compiler_c_o='"yes"'
lt_lt_cv_prog_compiler_c_o_CXX='"yes"'
lt_lt_cv_prog_compiler_c_o_F77='"yes"'
lt_lt_cv_sys_global_symbol_pipe='"sed -n -e '\''s/^.*[ 	]\\([BCDEGRST][BCDEGRST]*\\)[ 	][ 	]*\\(_\\)\\([_A-Za-z][_A-Za-z0-9]*\\)\$/\\1 \\2\\3 \\3/p'\''"'
lt_lt_cv_sys_global_symbol_to_c_name_address='"sed -n -e '\''s/^: \\([^ ]*\\) \$/  {\\\"\\1\\\", (lt_ptr) 0},/p'\'' -e '\''s/^[BCDEGRST] \\([^ ]*\\) \\([^ ]*\\)\$/  {\"\\2\", (lt_ptr) \\&\\2},/p'\''"'
lt_lt_cv_sys_global_symbol_to_cdecl='"sed -n -e '\''s/^. .* \\(.*\\)\$/extern int \\1;/p'\''"'

## ----------------- ##
## Output variables. ##
## ----------------- ##

ACLOCAL='aclocal-1.6'
AMDEPBACKSLASH='\'
AMDEP_FALSE='#'
AMDEP_TRUE=''
AMTAR='tar'
AR='ar'
AUTOCONF='autoconf'
AUTOHEADER='autoheader'
AUTOMAKE='automake-1.6'
AWK='awk'
CC='gcc'
CCDEPMODE='depmode=gcc3'
CFLAGS='-g -O2'
CPP='gcc -E'
CPPFLAGS=''
CXX='g++'
CXXCPP='g++ -E'
CXXDEPMODE='depmode=gcc3'
CXXFLAGS='-g -O2'
DEFS=''
DEPDIR='.deps'
ECHO='echo'
ECHO_C=''
ECHO_N='-n'
ECHO_T=''
EGREP='grep -E'
EXEEXT=''
F77='g77'
F77XML_VERSION_INFO='1:0:0'
FC='g95'
FCFLAGS='-g -O2'
FFLAGS='-g -O2'
GDOME2_CFLAGS=''
GDOME2_LIBS=''
GDOME2_MIN_VERSION='0.8.1'
INSTALL_DATA='${INSTALL} -m 644'
INSTALL_PROGRAM='${INSTALL}'
INSTALL_SCRIPT='${INSTALL}'
INSTALL_STRIP_PROGRAM='${SHELL} $(install_sh) -c -s'
LDFLAGS=''
LIBOBJS=''
LIBS=''
LIBTOOL='$(SHELL) $(top_builddir)/libtool'
LN_S='ln -s'
LTLIBOBJS=''
MAKEINFO='makeinfo'
OBJEXT='o'
PACKAGE='libf77xml'
PACKAGE_BUGREPORT=''
PACKAGE_NAME=''
PACKAGE_STRING=''
PACKAGE_TARNAME=''
PACKAGE_VERSION=''
PATH_SEPARATOR=':'
RANLIB='ranlib'
SET_MAKE=''
SHELL='/bin/sh'
STRIP='strip'
VERSION='1.0.0'
ac_ct_AR='ar'
ac_ct_CC='gcc'
ac_ct_CXX='g++'
ac_ct_F77='g77'
ac_ct_FC='g95'
ac_ct_RANLIB='ranlib'
ac_ct_STRIP='strip'
am__include='include'
am__quote=''
bindir='${exec_prefix}/bin'
build='powerpc-apple-darwin8.11.0'
build_alias=''
build_cpu='powerpc'
build_os='darwin8.11.0'
build_vendor='apple'
datadir='${prefix}/share'
exec_prefix='NONE'
host='powerpc-apple-darwin8.11.0'
host_alias=''
host_cpu='powerpc'
host_os='darwin8.11.0'
host_vendor='apple'
includedir='${prefix}/include'
infodir='${prefix}/info'
install_sh='/Users/munehiro/lavoro/Programs/f77xml/checkout/trunk/install-sh'
libdir='${exec_prefix}/lib'
libexecdir='${exec_prefix}/libexec'
localstatedir='${prefix}/var'
mandir='${prefix}/man'
oldincludedir='/usr/include'
prefix='NONE'
program_transform_name='s,x,x,'
sbindir='${exec_prefix}/sbin'
sharedstatedir='${prefix}/com'
sysconfdir='${prefix}/etc'
target_alias=''

## ----------- ##
## confdefs.h. ##
## ----------- ##

#define HAVE_BZERO 1
#define HAVE_DLFCN_H 1
#define HAVE_INTTYPES_H 1
#define HAVE_MALLOC 1
#define HAVE_MEMCHR 1
#define HAVE_MEMMOVE 1
#define HAVE_MEMORY_H 1
#define HAVE_MEMSET 1
#define HAVE_STDINT_H 1
#define HAVE_STDLIB_H 1
#define HAVE_STDLIB_H 1
#define HAVE_STRDUP 1
#define HAVE_STRINGS_H 1
#define HAVE_STRING_H 1
#define HAVE_SYS_STAT_H 1
#define HAVE_SYS_TYPES_H 1
#define HAVE_UNISTD_H 1
#define HAVE_UNISTD_H 1
#define PACKAGE_BUGREPORT ""
#define PACKAGE_NAME ""
#define PACKAGE_STRING ""
#define PACKAGE_TARNAME ""
#define PACKAGE_VERSION ""
#define STDC_HEADERS 1
#define STDC_HEADERS 1
#endif
#ifdef __cplusplus
extern "C" void std::exit (int); using std::exit;

configure: exit 258
